Using pre-set license
Built from '2021.3/staging' branch; Version is '2021.3.32f1 (3b9dae9532f5) revision 3906990'; Using compiler version '192829333'; Build Type 'Release'
OS: 'Windows 10  (10.0.19045) 64bit Professional' Language: 'en' Physical Memory: 8060 MB
BatchMode: 1, IsHumanControllingUs: 0, StartBugReporterOnCrash: 0, Is64bit: 1, IsPro: 1

COMMAND LINE ARGUMENTS:
E:\2021.3.32f1\Editor\Unity.exe
-adb2
-batchMode
-noUpm
-name
AssetImportWorker0
-projectPath
C:/Users/ACC/Documents/GitHub/City-Building-Game/City Building Game
-logFile
Logs/AssetImportWorker0.log
-srvPort
64760
Successfully changed project path to: C:/Users/ACC/Documents/GitHub/City-Building-Game/City Building Game
C:/Users/ACC/Documents/GitHub/City-Building-Game/City Building Game
[UnityMemory] Configuration Parameters - Can be set up in boot.config
    "memorysetup-bucket-allocator-granularity=16"
    "memorysetup-bucket-allocator-bucket-count=8"
    "memorysetup-bucket-allocator-block-size=33554432"
    "memorysetup-bucket-allocator-block-count=8"
    "memorysetup-main-allocator-block-size=16777216"
    "memorysetup-thread-allocator-block-size=16777216"
    "memorysetup-gfx-main-allocator-block-size=16777216"
    "memorysetup-gfx-thread-allocator-block-size=16777216"
    "memorysetup-cache-allocator-block-size=4194304"
    "memorysetup-typetree-allocator-block-size=2097152"
    "memorysetup-profiler-bucket-allocator-granularity=16"
    "memorysetup-profiler-bucket-allocator-bucket-count=8"
    "memorysetup-profiler-bucket-allocator-block-size=33554432"
    "memorysetup-profiler-bucket-allocator-block-count=8"
    "memorysetup-profiler-allocator-block-size=16777216"
    "memorysetup-profiler-editor-allocator-block-size=1048576"
    "memorysetup-temp-allocator-size-main=16777216"
    "memorysetup-job-temp-allocator-block-size=2097152"
    "memorysetup-job-temp-allocator-block-size-background=1048576"
    "memorysetup-job-temp-allocator-reduction-small-platforms=262144"
    "memorysetup-temp-allocator-size-background-worker=32768"
    "memorysetup-temp-allocator-size-job-worker=262144"
    "memorysetup-temp-allocator-size-preload-manager=33554432"
    "memorysetup-temp-allocator-size-nav-mesh-worker=65536"
    "memorysetup-temp-allocator-size-audio-worker=65536"
    "memorysetup-temp-allocator-size-cloud-worker=32768"
    "memorysetup-temp-allocator-size-gi-baking-worker=262144"
    "memorysetup-temp-allocator-size-gfx=262144"
Player connection [22192] Host "[IP] 192.168.56.1 [Port] 0 [Flags] 2 [Guid] 4020196414 [EditorId] 4020196414 [Version] 1048832 [Id] WindowsEditor(7,DESKTOP-D6SL1M5) [Debug] 1 [PackageName] WindowsEditor [ProjectName] Editor" joined multi-casting on [225.0.0.222:54997]...

Player connection [22192] Host "[IP] 192.168.56.1 [Port] 0 [Flags] 2 [Guid] 4020196414 [EditorId] 4020196414 [Version] 1048832 [Id] WindowsEditor(7,DESKTOP-D6SL1M5) [Debug] 1 [PackageName] WindowsEditor [ProjectName] Editor" joined alternative multi-casting on [225.0.0.222:34997]...

[Physics::Module] Initialized MultithreadedJobDispatcher with {0} workers.
Refreshing native plugins compatible for Editor in 110.62 ms, found 3 plugins.
Preloading 0 native plugins for Editor in 0.00 ms.
Initialize engine version: 2021.3.32f1 (3b9dae9532f5)
[Subsystems] Discovering subsystems at path E:/2021.3.32f1/Editor/Data/Resources/UnitySubsystems
[Subsystems] Discovering subsystems at path C:/Users/ACC/Documents/GitHub/City-Building-Game/City Building Game/Assets
GfxDevice: creating device client; threaded=0; jobified=0
Direct3D:
    Version:  Direct3D 11.0 [level 11.1]
    Renderer: NVIDIA GeForce GTX 1050 Ti (ID=0x1c8c)
    Vendor:   NVIDIA
    VRAM:     4004 MB
    Driver:   31.0.15.5123
Initialize mono
Mono path[0] = 'E:/2021.3.32f1/Editor/Data/Managed'
Mono path[1] = 'E:/2021.3.32f1/Editor/Data/MonoBleedingEdge/lib/mono/unityjit-win32'
Mono config path = 'E:/2021.3.32f1/Editor/Data/MonoBleedingEdge/etc'
Using monoOptions --debugger-agent=transport=dt_socket,embedding=1,server=y,suspend=n,address=127.0.0.1:56316
Begin MonoManager ReloadAssembly
Registering precompiled unity dll's ...
Register platform support module: E:/2021.3.32f1/Editor/Data/PlaybackEngines/WebGLSupport/UnityEditor.WebGL.Extensions.dll
Register platform support module: E:/2021.3.32f1/Editor/Data/PlaybackEngines/AndroidPlayer/UnityEditor.Android.Extensions.dll
Register platform support module: E:/2021.3.32f1/Editor/Data/PlaybackEngines/WindowsStandaloneSupport/UnityEditor.WindowsStandalone.Extensions.dll
Registered in 0.005452 seconds.
Native extension for WindowsStandalone target not found
Native extension for Android target not found
Android Extension - Scanning For ADB Devices 458 ms
Native extension for WebGL target not found
Refreshing native plugins compatible for Editor in 94.44 ms, found 3 plugins.
Preloading 0 native plugins for Editor in 0.00 ms.
Mono: successfully reloaded assembly
- Completed reload, in  1.444 seconds
Domain Reload Profiling:
	ReloadAssembly (1445ms)
		BeginReloadAssembly (160ms)
			ExecutionOrderSort (0ms)
			DisableScriptedObjects (0ms)
			BackupInstance (0ms)
			ReleaseScriptingObjects (0ms)
			CreateAndSetChildDomain (1ms)
		EndReloadAssembly (1159ms)
			LoadAssemblies (161ms)
			RebuildTransferFunctionScriptingTraits (0ms)
			SetupTypeCache (173ms)
			ReleaseScriptCaches (0ms)
			RebuildScriptCaches (42ms)
			SetupLoadedEditorAssemblies (890ms)
				LogAssemblyErrors (0ms)
				InitializePlatformSupportModulesInManaged (599ms)
				SetLoadedEditorAssemblies (0ms)
				RefreshPlugins (95ms)
				BeforeProcessingInitializeOnLoad (2ms)
				ProcessInitializeOnLoadAttributes (132ms)
				ProcessInitializeOnLoadMethodAttributes (61ms)
				AfterProcessingInitializeOnLoad (0ms)
				EditorAssembliesLoaded (0ms)
			ExecutionOrderSort2 (0ms)
			AwakeInstancesAfterBackupRestoration (0ms)
Platform modules already initialized, skipping
Registering precompiled user dll's ...
Registered in 0.012039 seconds.
Begin MonoManager ReloadAssembly
Native extension for WindowsStandalone target not found
Native extension for Android target not found
Native extension for WebGL target not found
Refreshing native plugins compatible for Editor in 0.59 ms, found 3 plugins.
Preloading 0 native plugins for Editor in 0.00 ms.
Package Manager log level set to [2]
[Package Manager] Server::EnsureServerProcessIsRunning -- launch failed, reason: Unity was launched with the -noUpm command-line argument
[Package Manager] Cannot connect to Unity Package Manager local server
Mono: successfully reloaded assembly
- Completed reload, in  1.912 seconds
Domain Reload Profiling:
	ReloadAssembly (1914ms)
		BeginReloadAssembly (255ms)
			ExecutionOrderSort (0ms)
			DisableScriptedObjects (8ms)
			BackupInstance (0ms)
			ReleaseScriptingObjects (0ms)
			CreateAndSetChildDomain (27ms)
		EndReloadAssembly (1476ms)
			LoadAssemblies (239ms)
			RebuildTransferFunctionScriptingTraits (0ms)
			SetupTypeCache (396ms)
			ReleaseScriptCaches (1ms)
			RebuildScriptCaches (75ms)
			SetupLoadedEditorAssemblies (833ms)
				LogAssemblyErrors (0ms)
				InitializePlatformSupportModulesInManaged (37ms)
				SetLoadedEditorAssemblies (1ms)
				RefreshPlugins (1ms)
				BeforeProcessingInitializeOnLoad (113ms)
				ProcessInitializeOnLoadAttributes (650ms)
				ProcessInitializeOnLoadMethodAttributes (26ms)
				AfterProcessingInitializeOnLoad (5ms)
				EditorAssembliesLoaded (0ms)
			ExecutionOrderSort2 (0ms)
			AwakeInstancesAfterBackupRestoration (9ms)
Platform modules already initialized, skipping
========================================================================
Worker process is ready to serve import requests
Launched and connected shader compiler UnityShaderCompiler.exe after 0.10 seconds
Refreshing native plugins compatible for Editor in 0.94 ms, found 3 plugins.
Preloading 0 native plugins for Editor in 0.00 ms.
Unloading 3074 Unused Serialized files (Serialized files now loaded: 0)
Unloading 23 unused Assets / (46.3 KB). Loaded Objects now: 3537.
Memory consumption went from 112.7 MB to 112.6 MB.
Total: 3.347700 ms (FindLiveObjects: 0.267200 ms CreateObjectMapping: 0.170400 ms MarkObjects: 2.815200 ms  DeleteObjects: 0.094200 ms)

AssetImportParameters requested are different than current active one (requested -> active):
  custom:video-decoder-ogg-theora: a1e56fd34408186e4bbccfd4996cb3dc -> 
  custom:container-muxer-webm: aa71ff27fc2769a1b78a27578f13a17b -> 
  custom:container-demuxer-webm: 4f35f7cbe854078d1ac9338744f61a02 -> 
  custom:video-encoder-webm-vp8: eb34c28f22e8b96e1ab97ce403110664 -> 
  custom:CustomObjectIndexerAttribute: bc11b3a6c3213fcdd17b65e7da85e133 -> 
  custom:audio-encoder-webm-vorbis: bf7c407c2cedff20999df2af8eb42d56 -> 
  custom:framework-win-MediaFoundation: 216162199b28c13a410421893ffa2e32 -> 
  custom:SearchIndexIgnoredProperties: e643bd26f0fe6173181afceb89e7c659 -> 
  custom:container-demuxer-ogg: 62fdf1f143b41e24485cea50d1cbac27 -> 
  custom:video-decoder-webm-vp8: 9c59270c3fd7afecdb556c50c9e8de78 -> 
  custom:audio-decoder-ogg-vorbis: bf7c407c2cedff20999df2af8eb42d56 -> 
========================================================================
Received Import Request.
  Time since last request: 36468.032592 seconds.
  path: Assets/Textures Folder Contents
  artifactKey: Guid(78a8f46f97a39c34b87f5a536f2d0f40) Importer(815301076,1909f56bfc062723c751e8b465ee728b)
Number of updated assets reloaded before import = 0
Start importing Assets/Textures Folder Contents using Guid(78a8f46f97a39c34b87f5a536f2d0f40) Importer(815301076,1909f56bfc062723c751e8b465ee728b)  -> (artifact id: '9916dfbdbff5b668cd5a8ece1bd33e76') in 0.026122 seconds 
Number of asset objects unloaded after import = 0
========================================================================
Received Import Request.
  Time since last request: 9.683889 seconds.
  path: Assets/Textures
  artifactKey: Guid(78a8f46f97a39c34b87f5a536f2d0f40) Importer(815301076,1909f56bfc062723c751e8b465ee728b)
Number of updated assets reloaded before import = 0
Start importing Assets/Textures using Guid(78a8f46f97a39c34b87f5a536f2d0f40) Importer(815301076,1909f56bfc062723c751e8b465ee728b)  -> (artifact id: '4ee44aae237fc28623ef01930ef1e7be') in 0.012759 seconds 
Number of asset objects unloaded after import = 0
========================================================================
Received Import Request.
  Time since last request: 1.055618 seconds.
  path: Assets/Scenes
  artifactKey: Guid(83960f72790d39d489841d1268512a86) Importer(815301076,1909f56bfc062723c751e8b465ee728b)
Number of updated assets reloaded before import = 0
Start importing Assets/Scenes using Guid(83960f72790d39d489841d1268512a86) Importer(815301076,1909f56bfc062723c751e8b465ee728b)  -> (artifact id: '8c3b063d69b6f16136397c6e26512702') in 0.013423 seconds 
Number of asset objects unloaded after import = 0
========================================================================
Received Import Request.
  Time since last request: 0.398260 seconds.
  path: Assets/Models Folder Contents
  artifactKey: Guid(a05d54da42904f642ad540fc2559111a) Importer(815301076,1909f56bfc062723c751e8b465ee728b)
Number of updated assets reloaded before import = 0
Start importing Assets/Models Folder Contents using Guid(a05d54da42904f642ad540fc2559111a) Importer(815301076,1909f56bfc062723c751e8b465ee728b)  -> (artifact id: '1e0f66a2d8c5b18ec1dd72b4048f07fe') in 0.017590 seconds 
Number of asset objects unloaded after import = 0
========================================================================
Received Import Request.
  Time since last request: 7.430735 seconds.
  path: Assets/Models
  artifactKey: Guid(a05d54da42904f642ad540fc2559111a) Importer(815301076,1909f56bfc062723c751e8b465ee728b)
Number of updated assets reloaded before import = 0
Start importing Assets/Models using Guid(a05d54da42904f642ad540fc2559111a) Importer(815301076,1909f56bfc062723c751e8b465ee728b)  -> (artifact id: 'ac11e57409fe566a8474631fbd9c8191') in 0.015578 seconds 
Number of asset objects unloaded after import = 0
========================================================================
Received Import Request.
  Time since last request: 1.201101 seconds.
  path: Assets/Icons Folder Contents
  artifactKey: Guid(5c2c4ba5338794846a3c747bfff82e9d) Importer(815301076,1909f56bfc062723c751e8b465ee728b)
Number of updated assets reloaded before import = 0
Start importing Assets/Icons Folder Contents using Guid(5c2c4ba5338794846a3c747bfff82e9d) Importer(815301076,1909f56bfc062723c751e8b465ee728b)  -> (artifact id: '48c848d264f6a9b2400708ddc48d2338') in 0.015672 seconds 
Number of asset objects unloaded after import = 0
========================================================================
Received Import Request.
  Time since last request: 5.973810 seconds.
  path: Assets/Icons
  artifactKey: Guid(5c2c4ba5338794846a3c747bfff82e9d) Importer(815301076,1909f56bfc062723c751e8b465ee728b)
Number of updated assets reloaded before import = 0
Start importing Assets/Icons using Guid(5c2c4ba5338794846a3c747bfff82e9d) Importer(815301076,1909f56bfc062723c751e8b465ee728b)  -> (artifact id: '5a3da8fada24328df7078fd2d2786a8f') in 0.012742 seconds 
Number of asset objects unloaded after import = 0
========================================================================
Received Import Request.
  Time since last request: 8.418180 seconds.
  path: Assets/Textures/Grass.png
  artifactKey: Guid(4828a473d5dbe094da1cd27aca423a91) Importer(815301076,1909f56bfc062723c751e8b465ee728b)
Number of updated assets reloaded before import = 0
Start importing Assets/Textures/Grass.png using Guid(4828a473d5dbe094da1cd27aca423a91) Importer(815301076,1909f56bfc062723c751e8b465ee728b)  -> (artifact id: '1871b3cb9ede8d1057b90c4add0af808') in 0.127169 seconds 
Number of asset objects unloaded after import = 2
========================================================================
Received Import Request.
  Time since last request: 2.249047 seconds.
  path: Assets/Models/Barn.mat
  artifactKey: Guid(b9aaa2b371e6f464395632a985ee559a) Importer(815301076,1909f56bfc062723c751e8b465ee728b)
Number of updated assets reloaded before import = 0
Start importing Assets/Models/Barn.mat using Guid(b9aaa2b371e6f464395632a985ee559a) Importer(815301076,1909f56bfc062723c751e8b465ee728b)  -> (artifact id: 'e94b11c9d482b11de622b77aa27205bd') in 0.525672 seconds 
Number of asset objects unloaded after import = 1
========================================================================
Received Import Request.
  Time since last request: 0.000084 seconds.
  path: Assets/Models/factory.obj
  artifactKey: Guid(c13b4b2c28eceff428d573f8f5c74ef4) Importer(815301076,1909f56bfc062723c751e8b465ee728b)
Number of updated assets reloaded before import = 0
Start importing Assets/Models/factory.obj using Guid(c13b4b2c28eceff428d573f8f5c74ef4) Importer(815301076,1909f56bfc062723c751e8b465ee728b)  -> (artifact id: '04031524e5709ba437bc771aa0fc0e36') in 0.117354 seconds 
Number of asset objects unloaded after import = 10
========================================================================
Received Import Request.
  Time since last request: 0.000046 seconds.
  path: Assets/Models/house.png
  artifactKey: Guid(1efab662aed51f24daf1b0f85afe54c1) Importer(815301076,1909f56bfc062723c751e8b465ee728b)
Number of updated assets reloaded before import = 0
Start importing Assets/Models/house.png using Guid(1efab662aed51f24daf1b0f85afe54c1) Importer(815301076,1909f56bfc062723c751e8b465ee728b)  -> (artifact id: '473ee001291d1c2362eca979411ff902') in 0.035320 seconds 
Number of asset objects unloaded after import = 2
========================================================================
Received Import Request.
  Time since last request: 0.000020 seconds.
  path: Assets/Models/farm-barn.png
  artifactKey: Guid(e4c663d2fa135374ba488f694bf8db78) Importer(815301076,1909f56bfc062723c751e8b465ee728b)
Number of updated assets reloaded before import = 0
Start importing Assets/Models/farm-barn.png using Guid(e4c663d2fa135374ba488f694bf8db78) Importer(815301076,1909f56bfc062723c751e8b465ee728b)  -> (artifact id: '639d043672d9a14a0603979264858768') in 0.030480 seconds 
Number of asset objects unloaded after import = 2
========================================================================
Received Import Request.
  Time since last request: 0.000066 seconds.
  path: Assets/Models/House.mat
  artifactKey: Guid(7fdd6e8f3bd00724897217b4d4582dbb) Importer(815301076,1909f56bfc062723c751e8b465ee728b)
Number of updated assets reloaded before import = 0
Start importing Assets/Models/House.mat using Guid(7fdd6e8f3bd00724897217b4d4582dbb) Importer(815301076,1909f56bfc062723c751e8b465ee728b)  -> (artifact id: '040991b4895b207bd6d908bdb252cc37') in 0.034190 seconds 
Number of asset objects unloaded after import = 1
========================================================================
Received Import Request.
  Time since last request: 0.000025 seconds.
  path: Assets/Models/factory.png
  artifactKey: Guid(3813ae913366cbf43a8aacfd022ec090) Importer(815301076,1909f56bfc062723c751e8b465ee728b)
Number of updated assets reloaded before import = 0
Start importing Assets/Models/factory.png using Guid(3813ae913366cbf43a8aacfd022ec090) Importer(815301076,1909f56bfc062723c751e8b465ee728b)  -> (artifact id: 'a2e973f261d36e03aa4f974ecbc764f6') in 0.026602 seconds 
Number of asset objects unloaded after import = 2
========================================================================
Received Import Request.
  Time since last request: 0.639339 seconds.
  path: Assets/Icons/Building_Factory.png
  artifactKey: Guid(3504c5b8bf422e24faf2d3a93eed0949) Importer(815301076,1909f56bfc062723c751e8b465ee728b)
Number of updated assets reloaded before import = 0
Start importing Assets/Icons/Building_Factory.png using Guid(3504c5b8bf422e24faf2d3a93eed0949) Importer(815301076,1909f56bfc062723c751e8b465ee728b)  -> (artifact id: 'eca5eaa62466137003c94af844d8b0c2') in 0.033541 seconds 
Number of asset objects unloaded after import = 2
========================================================================
Received Import Request.
  Time since last request: 0.000017 seconds.
  path: Assets/Icons/Building_House.png
  artifactKey: Guid(73696b98480e5754c927684f1f925043) Importer(815301076,1909f56bfc062723c751e8b465ee728b)
Number of updated assets reloaded before import = 0
Start importing Assets/Icons/Building_House.png using Guid(73696b98480e5754c927684f1f925043) Importer(815301076,1909f56bfc062723c751e8b465ee728b)  -> (artifact id: 'a5e82d86db812c5809ca9ad60062b2c4') in 0.038972 seconds 
Number of asset objects unloaded after import = 2
========================================================================
Received Import Request.
  Time since last request: 15.600228 seconds.
  path: Assets/Icons/Building_Farm.png
  artifactKey: Guid(fbd10e485fae3dc4681c6245b0ce0e95) Importer(815301076,1909f56bfc062723c751e8b465ee728b)
Number of updated assets reloaded before import = 0
Start importing Assets/Icons/Building_Farm.png using Guid(fbd10e485fae3dc4681c6245b0ce0e95) Importer(815301076,1909f56bfc062723c751e8b465ee728b)  -> (artifact id: '0e9941dfbfa31bf96dfeb0a557e0f206') in 0.067576 seconds 
Number of asset objects unloaded after import = 3
Editor requested this worker to shutdown with reason: Scaling down because of idle timeout
AssetImportWorker is now disconnected from the server
Process exiting
Exiting without the bug reporter. Application will terminate with return code 0